d:\my documents\2016_2017_sem2\dm2240 agdev\teaching materials\week_08\practical\nyp_framework_solution\base\debug\vc120.pdb
d:\my documents\2016_2017_sem2\dm2240 agdev\teaching materials\week_08\practical\nyp_framework_solution\base\debug\vc120.idb
d:\my documents\2016_2017_sem2\dm2240 agdev\teaching materials\week_08\practical\nyp_framework_solution\base\debug\objmesh.obj
d:\my documents\2016_2017_sem2\dm2240 agdev\teaching materials\week_08\practical\nyp_framework_solution\base\debug\enemy.obj
d:\my documents\2016_2017_sem2\dm2240 agdev\teaching materials\week_08\practical\nyp_framework_solution\base\debug\playerinfo.obj
d:\my documents\2016_2017_sem2\dm2240 agdev\teaching materials\week_08\practical\nyp_framework_solution\base\debug\grenade.obj
d:\my documents\2016_2017_sem2\dm2240 agdev\teaching materials\week_08\practical\nyp_framework_solution\base\debug\laser.obj
d:\my documents\2016_2017_sem2\dm2240 agdev\teaching materials\week_08\practical\nyp_framework_solution\base\debug\projectile.obj
d:\my documents\2016_2017_sem2\dm2240 agdev\teaching materials\week_08\practical\nyp_framework_solution\base\debug\scenegraph.obj
d:\my documents\2016_2017_sem2\dm2240 agdev\teaching materials\week_08\practical\nyp_framework_solution\base\debug\scenenode.obj
d:\my documents\2016_2017_sem2\dm2240 agdev\teaching materials\week_08\practical\nyp_framework_solution\base\debug\transform.obj
d:\my documents\2016_2017_sem2\dm2240 agdev\teaching materials\week_08\practical\nyp_framework_solution\base\debug\updatetransformation.obj
d:\my documents\2016_2017_sem2\dm2240 agdev\teaching materials\week_08\practical\nyp_framework_solution\base\debug\scenetext.obj
d:\my documents\2016_2017_sem2\dm2240 agdev\teaching materials\week_08\practical\nyp_framework_solution\base\debug\skyboxentity.obj
d:\my documents\2016_2017_sem2\dm2240 agdev\teaching materials\week_08\practical\nyp_framework_solution\base\debug\grid.obj
d:\my documents\2016_2017_sem2\dm2240 agdev\teaching materials\week_08\practical\nyp_framework_solution\base\debug\spatialpartition.obj
d:\my documents\2016_2017_sem2\dm2240 agdev\teaching materials\week_08\practical\nyp_framework_solution\base\debug\spriteentity.obj
d:\my documents\2016_2017_sem2\dm2240 agdev\teaching materials\week_08\practical\nyp_framework_solution\base\debug\textentity.obj
d:\my documents\2016_2017_sem2\dm2240 agdev\teaching materials\week_08\practical\nyp_framework_solution\base\debug\grenadethrow.obj
d:\my documents\2016_2017_sem2\dm2240 agdev\teaching materials\week_08\practical\nyp_framework_solution\base\debug\laserblaster.obj
d:\my documents\2016_2017_sem2\dm2240 agdev\teaching materials\week_08\practical\nyp_framework_solution\base\debug\pistol.obj
d:\my documents\2016_2017_sem2\dm2240 agdev\teaching materials\week_08\practical\nyp_framework_solution\base\debug\weaponinfo.obj
d:\my documents\2016_2017_sem2\dm2240 agdev\teaching materials\week_08\practical\nyp_framework_solution\base\debug\application.obj
d:\my documents\2016_2017_sem2\dm2240 agdev\teaching materials\week_08\practical\nyp_framework_solution\base\debug\entitymanager.obj
d:\my documents\2016_2017_sem2\dm2240 agdev\teaching materials\week_08\practical\nyp_framework_solution\base\debug\fpscamera.obj
d:\my documents\2016_2017_sem2\dm2240 agdev\teaching materials\week_08\practical\nyp_framework_solution\base\debug\genericentity.obj
d:\my documents\2016_2017_sem2\dm2240 agdev\teaching materials\week_08\practical\nyp_framework_solution\base\debug\groundentity.obj
d:\my documents\2016_2017_sem2\dm2240 agdev\teaching materials\week_08\practical\nyp_framework_solution\base\debug\levelofdetails.obj
d:\my documents\2016_2017_sem2\dm2240 agdev\teaching materials\week_08\practical\nyp_framework_solution\base\debug\light.obj
d:\my documents\2016_2017_sem2\dm2240 agdev\teaching materials\week_08\practical\nyp_framework_solution\base\debug\main.obj
d:\my documents\2016_2017_sem2\dm2240 agdev\teaching materials\week_08\practical\nyp_framework_solution\debug\base.exe
d:\my documents\2016_2017_sem2\dm2240 agdev\teaching materials\week_08\practical\nyp_framework_solution\debug\base.pdb
d:\my documents\2016_2017_sem2\dm2240 agdev\teaching materials\week_08\practical\nyp_framework_solution\base\debug\base.tlog\cl.command.1.tlog
d:\my documents\2016_2017_sem2\dm2240 agdev\teaching materials\week_08\practical\nyp_framework_solution\base\debug\base.tlog\cl.read.1.tlog
d:\my documents\2016_2017_sem2\dm2240 agdev\teaching materials\week_08\practical\nyp_framework_solution\base\debug\base.tlog\cl.write.1.tlog
d:\my documents\2016_2017_sem2\dm2240 agdev\teaching materials\week_08\practical\nyp_framework_solution\base\debug\base.tlog\link.command.1.tlog
d:\my documents\2016_2017_sem2\dm2240 agdev\teaching materials\week_08\practical\nyp_framework_solution\base\debug\base.tlog\link.read.1.tlog
d:\my documents\2016_2017_sem2\dm2240 agdev\teaching materials\week_08\practical\nyp_framework_solution\base\debug\base.tlog\link.write.1.tlog
