d:\my documents\2016_2017_sem2\dm2240 agdev\teaching materials\week_08\practical\nyp_framework_solution\common\debug\vc120.pdb
d:\my documents\2016_2017_sem2\dm2240 agdev\teaching materials\week_08\practical\nyp_framework_solution\common\debug\vc120.idb
d:\my documents\2016_2017_sem2\dm2240 agdev\teaching materials\week_08\practical\nyp_framework_solution\common\debug\entitybase.obj
d:\my documents\2016_2017_sem2\dm2240 agdev\teaching materials\week_08\practical\nyp_framework_solution\common\debug\graphicsmanager.obj
d:\my documents\2016_2017_sem2\dm2240 agdev\teaching materials\week_08\practical\nyp_framework_solution\common\debug\keyboardcontroller.obj
d:\my documents\2016_2017_sem2\dm2240 agdev\teaching materials\week_08\practical\nyp_framework_solution\common\debug\lightbase.obj
d:\my documents\2016_2017_sem2\dm2240 agdev\teaching materials\week_08\practical\nyp_framework_solution\common\debug\loadobj.obj
d:\my documents\2016_2017_sem2\dm2240 agdev\teaching materials\week_08\practical\nyp_framework_solution\common\debug\loadtga.obj
d:\my documents\2016_2017_sem2\dm2240 agdev\teaching materials\week_08\practical\nyp_framework_solution\common\debug\mathutility.obj
d:\my documents\2016_2017_sem2\dm2240 agdev\teaching materials\week_08\practical\nyp_framework_solution\common\debug\matrixstack.obj
d:\my documents\2016_2017_sem2\dm2240 agdev\teaching materials\week_08\practical\nyp_framework_solution\common\debug\mesh.obj
d:\my documents\2016_2017_sem2\dm2240 agdev\teaching materials\week_08\practical\nyp_framework_solution\common\debug\meshbuilder.obj
d:\my documents\2016_2017_sem2\dm2240 agdev\teaching materials\week_08\practical\nyp_framework_solution\common\debug\mousecontroller.obj
d:\my documents\2016_2017_sem2\dm2240 agdev\teaching materials\week_08\practical\nyp_framework_solution\common\debug\mtx44.obj
d:\my documents\2016_2017_sem2\dm2240 agdev\teaching materials\week_08\practical\nyp_framework_solution\common\debug\renderhelper.obj
d:\my documents\2016_2017_sem2\dm2240 agdev\teaching materials\week_08\practical\nyp_framework_solution\common\debug\scenemanager.obj
d:\my documents\2016_2017_sem2\dm2240 agdev\teaching materials\week_08\practical\nyp_framework_solution\common\debug\shaderprogram.obj
d:\my documents\2016_2017_sem2\dm2240 agdev\teaching materials\week_08\practical\nyp_framework_solution\common\debug\timer.obj
d:\my documents\2016_2017_sem2\dm2240 agdev\teaching materials\week_08\practical\nyp_framework_solution\common\debug\utility.obj
d:\my documents\2016_2017_sem2\dm2240 agdev\teaching materials\week_08\practical\nyp_framework_solution\common\debug\vector2.obj
d:\my documents\2016_2017_sem2\dm2240 agdev\teaching materials\week_08\practical\nyp_framework_solution\common\debug\vector3.obj
d:\my documents\2016_2017_sem2\dm2240 agdev\teaching materials\week_08\practical\nyp_framework_solution\common\debug\win32input.obj
d:\my documents\2016_2017_sem2\dm2240 agdev\teaching materials\week_08\practical\nyp_framework_solution\common\debug\camerabase.obj
d:\my documents\2016_2017_sem2\dm2240 agdev\teaching materials\week_08\practical\nyp_framework_solution\common\debug\collider.obj
d:\my documents\2016_2017_sem2\dm2240 agdev\teaching materials\week_08\practical\nyp_framework_solution\debug\common.lib
d:\my documents\2016_2017_sem2\dm2240 agdev\teaching materials\week_08\practical\nyp_framework_solution\common\debug\common.tlog\cl.command.1.tlog
d:\my documents\2016_2017_sem2\dm2240 agdev\teaching materials\week_08\practical\nyp_framework_solution\common\debug\common.tlog\cl.read.1.tlog
d:\my documents\2016_2017_sem2\dm2240 agdev\teaching materials\week_08\practical\nyp_framework_solution\common\debug\common.tlog\cl.write.1.tlog
d:\my documents\2016_2017_sem2\dm2240 agdev\teaching materials\week_08\practical\nyp_framework_solution\common\debug\common.tlog\lib-link.read.1.tlog
d:\my documents\2016_2017_sem2\dm2240 agdev\teaching materials\week_08\practical\nyp_framework_solution\common\debug\common.tlog\lib-link.write.1.tlog
d:\my documents\2016_2017_sem2\dm2240 agdev\teaching materials\week_08\practical\nyp_framework_solution\common\debug\common.tlog\lib.command.1.tlog
