d:\gdt\year 2 semester 2\advanced game dev\agdevassigment\assignment2\base\debug\vc140.pdb
d:\gdt\year 2 semester 2\advanced game dev\agdevassigment\assignment2\base\debug\vc140.idb
d:\gdt\year 2 semester 2\advanced game dev\agdevassigment\assignment2\base\debug\laser.obj
d:\gdt\year 2 semester 2\advanced game dev\agdevassigment\assignment2\base\debug\projectile.obj
d:\gdt\year 2 semester 2\advanced game dev\agdevassigment\assignment2\base\debug\rocket.obj
d:\gdt\year 2 semester 2\advanced game dev\agdevassigment\assignment2\base\debug\scenegraph.obj
d:\gdt\year 2 semester 2\advanced game dev\agdevassigment\assignment2\base\debug\scenenode.obj
d:\gdt\year 2 semester 2\advanced game dev\agdevassigment\assignment2\base\debug\transform.obj
d:\gdt\year 2 semester 2\advanced game dev\agdevassigment\assignment2\base\debug\updatetransformation.obj
d:\gdt\year 2 semester 2\advanced game dev\agdevassigment\assignment2\base\debug\scenetext.obj
d:\gdt\year 2 semester 2\advanced game dev\agdevassigment\assignment2\base\debug\skyboxentity.obj
d:\gdt\year 2 semester 2\advanced game dev\agdevassigment\assignment2\base\debug\grid.obj
d:\gdt\year 2 semester 2\advanced game dev\agdevassigment\assignment2\base\debug\spatialpartition.obj
d:\gdt\year 2 semester 2\advanced game dev\agdevassigment\assignment2\base\debug\spriteentity.obj
d:\gdt\year 2 semester 2\advanced game dev\agdevassigment\assignment2\base\debug\textentity.obj
d:\gdt\year 2 semester 2\advanced game dev\agdevassigment\assignment2\base\debug\waypoint.obj
d:\gdt\year 2 semester 2\advanced game dev\agdevassigment\assignment2\base\debug\waypointmanager.obj
d:\gdt\year 2 semester 2\advanced game dev\agdevassigment\assignment2\base\debug\grenadethrow.obj
d:\gdt\year 2 semester 2\advanced game dev\agdevassigment\assignment2\base\debug\laserblaster.obj
d:\gdt\year 2 semester 2\advanced game dev\agdevassigment\assignment2\base\debug\pistol.obj
d:\gdt\year 2 semester 2\advanced game dev\agdevassigment\assignment2\base\debug\rocketlauncher.obj
d:\gdt\year 2 semester 2\advanced game dev\agdevassigment\assignment2\base\debug\weaponinfo.obj
d:\gdt\year 2 semester 2\advanced game dev\agdevassigment\assignment2\base\debug\zombie.obj
d:\gdt\year 2 semester 2\advanced game dev\agdevassigment\assignment2\base\debug\entitymanager.obj
d:\gdt\year 2 semester 2\advanced game dev\agdevassigment\assignment2\base\debug\fpscamera.obj
d:\gdt\year 2 semester 2\advanced game dev\agdevassigment\assignment2\base\debug\controlsstate.obj
d:\gdt\year 2 semester 2\advanced game dev\agdevassigment\assignment2\base\debug\defeatstate.obj
d:\gdt\year 2 semester 2\advanced game dev\agdevassigment\assignment2\base\debug\introstate.obj
d:\gdt\year 2 semester 2\advanced game dev\agdevassigment\assignment2\base\debug\menustate.obj
d:\gdt\year 2 semester 2\advanced game dev\agdevassigment\assignment2\base\debug\settingsstate.obj
d:\gdt\year 2 semester 2\advanced game dev\agdevassigment\assignment2\base\debug\tutorialstate.obj
d:\gdt\year 2 semester 2\advanced game dev\agdevassigment\assignment2\base\debug\victorystate.obj
d:\gdt\year 2 semester 2\advanced game dev\agdevassigment\assignment2\base\debug\genericentity.obj
d:\gdt\year 2 semester 2\advanced game dev\agdevassigment\assignment2\base\debug\groundentity.obj
d:\gdt\year 2 semester 2\advanced game dev\agdevassigment\assignment2\base\debug\house.obj
d:\gdt\year 2 semester 2\advanced game dev\agdevassigment\assignment2\base\debug\levelofdetails.obj
d:\gdt\year 2 semester 2\advanced game dev\agdevassigment\assignment2\base\debug\light.obj
d:\gdt\year 2 semester 2\advanced game dev\agdevassigment\assignment2\base\debug\luainterface.obj
d:\gdt\year 2 semester 2\advanced game dev\agdevassigment\assignment2\base\debug\main.obj
d:\gdt\year 2 semester 2\advanced game dev\agdevassigment\assignment2\base\debug\objmesh.obj
d:\gdt\year 2 semester 2\advanced game dev\agdevassigment\assignment2\base\debug\playerinfo.obj
d:\gdt\year 2 semester 2\advanced game dev\agdevassigment\assignment2\base\debug\grenade.obj
d:\gdt\year 2 semester 2\advanced game dev\agdevassigment\assignment2\base\debug\application.obj
d:\gdt\year 2 semester 2\advanced game dev\agdevassigment\assignment2\base\debug\enemy.obj
d:\gdt\year 2 semester 2\advanced game dev\agdevassigment\assignment2\base\debug\human.obj
d:\gdt\year 2 semester 2\advanced game dev\agdevassigment\assignment2\debug\base.exe
d:\gdt\year 2 semester 2\advanced game dev\agdevassigment\assignment2\debug\base.pdb
d:\gdt\year 2 semester 2\advanced game dev\agdevassigment\assignment2\base\debug\base.tlog\cl.command.1.tlog
d:\gdt\year 2 semester 2\advanced game dev\agdevassigment\assignment2\base\debug\base.tlog\cl.read.1.tlog
d:\gdt\year 2 semester 2\advanced game dev\agdevassigment\assignment2\base\debug\base.tlog\cl.write.1.tlog
d:\gdt\year 2 semester 2\advanced game dev\agdevassigment\assignment2\base\debug\base.tlog\link.command.1.tlog
d:\gdt\year 2 semester 2\advanced game dev\agdevassigment\assignment2\base\debug\base.tlog\link.read.1.tlog
d:\gdt\year 2 semester 2\advanced game dev\agdevassigment\assignment2\base\debug\base.tlog\link.write.1.tlog
